[2021-05-09 15:45:35][63] Processing: App\Jobs\SlackPusher
[2021-05-09 15:45:35][63] Processed:  App\Jobs\SlackPusher
[2021-06-04 07:36:25][74] Processing: App\Jobs\SlackPusher
[2021-06-04 07:36:25][74] Processed:  App\Jobs\SlackPusher
[2021-06-04 07:39:04][75] Processing: App\Jobs\SlackPusher
[2021-06-04 07:39:04][75] Processed:  App\Jobs\SlackPusher
[2021-06-04 07:39:47][76] Processing: App\Jobs\SlackPusher
[2021-06-04 07:39:47][76] Processed:  App\Jobs\SlackPusher
[2021-06-04 07:45:15][77] Processing: App\Jobs\SlackPusher
[2021-06-04 07:45:16][77] Processed:  App\Jobs\SlackPusher
[2021-06-04 07:46:01][78] Processing: App\Jobs\SlackPusher
[2021-06-04 07:46:02][78] Processed:  App\Jobs\SlackPusher
[2021-06-04 07:47:16][79] Processing: App\Jobs\SlackPusher
[2021-06-04 07:47:17][79] Processed:  App\Jobs\SlackPusher
[2021-06-04 07:48:36][80] Processing: App\Jobs\SlackPusher
[2021-06-04 07:48:36][80] Processed:  App\Jobs\SlackPusher
[2021-06-04 08:06:34][Sw5kLIGG9wfmsrUgIUlxzQfMnK2ydsvC] Processing: App\Jobs\SlackPusher
[2021-06-04 08:06:34][Sw5kLIGG9wfmsrUgIUlxzQfMnK2ydsvC] Processed:  App\Jobs\SlackPusher
[2021-06-04 08:07:14][kKotcY6s7kd1OD5db9RBYVQePAnDK024] Processing: App\Jobs\SlackPusher
[2021-06-04 08:07:14][kKotcY6s7kd1OD5db9RBYVQePAnDK024] Processed:  App\Jobs\SlackPusher
[2021-06-04 08:08:04][tLopm72iIGRihaTu0t3GvZpJpPaG2cLq] Processing: App\Jobs\SlackPusher
[2021-06-04 08:08:05][tLopm72iIGRihaTu0t3GvZpJpPaG2cLq] Processed:  App\Jobs\SlackPusher
[2021-06-04 08:11:21][gbUZ5RXrSIjNJRbrcd1hydRez3HfyQ69] Processing: App\Jobs\SlackPusher
[2021-06-04 08:11:21][gbUZ5RXrSIjNJRbrcd1hydRez3HfyQ69] Processed:  App\Jobs\SlackPusher
[2021-06-04 08:12:15][JaubGDGiDBAYlRJdJi2w5miaMr2qawo7] Processing: App\Jobs\SlackPusher
[2021-06-04 08:12:15][JaubGDGiDBAYlRJdJi2w5miaMr2qawo7] Processed:  App\Jobs\SlackPusher
[2021-06-04 08:15:28][FF3PhM27TcphegnBBoKbmEcBWqJyq8in] Processing: App\Jobs\SlackPusher
[2021-06-04 08:15:28][FF3PhM27TcphegnBBoKbmEcBWqJyq8in] Processed:  App\Jobs\SlackPusher
[2021-06-04 08:16:27][3bgynp0sDG7i97CIV6hIN4YUOuI0Dcnl] Processing: App\Jobs\SlackPusher
[2021-06-04 08:16:28][3bgynp0sDG7i97CIV6hIN4YUOuI0Dcnl] Processed:  App\Jobs\SlackPusher
[2021-06-04 08:20:13][h0TVtvIp36QLQbWDA9ebPutahV0eW9oc] Processing: App\Jobs\SlackPusher
[2021-06-04 08:20:13][h0TVtvIp36QLQbWDA9ebPutahV0eW9oc] Processed:  App\Jobs\SlackPusher
[2021-06-04 08:21:47][2B6TosPkDaAzYmLv6EzIjhhccyrinuef] Processing: App\Jobs\SlackPusher
[2021-06-04 08:21:47][2B6TosPkDaAzYmLv6EzIjhhccyrinuef] Processed:  App\Jobs\SlackPusher
[2021-06-04 08:22:10][lDGeQDwrwb1pfHtfm9kzxOk4wORAnxEu] Processing: App\Jobs\SlackPusher
[2021-06-04 08:22:10][lDGeQDwrwb1pfHtfm9kzxOk4wORAnxEu] Processed:  App\Jobs\SlackPusher
[2021-06-04 08:23:44][Es42Gii42ItnJtUgXDOKNubjrSpyRpiS] Processing: App\Jobs\SlackPusher
[2021-06-04 08:23:44][Es42Gii42ItnJtUgXDOKNubjrSpyRpiS] Processed:  App\Jobs\SlackPusher
[2021-06-04 08:23:59][R7De8oD3McjYfH36OFKtnPUTyTu1Ngsp] Processing: App\Jobs\SlackPusher
[2021-06-04 08:24:00][R7De8oD3McjYfH36OFKtnPUTyTu1Ngsp] Processed:  App\Jobs\SlackPusher
[2021-06-04 08:27:05][eZfa7zzNMq1UTqbi2hJBLFsc4OoTHRfK] Processing: App\Jobs\SlackPusher
[2021-06-04 08:27:06][eZfa7zzNMq1UTqbi2hJBLFsc4OoTHRfK] Processed:  App\Jobs\SlackPusher
[2021-06-04 08:34:24][hKKsqNdxaI9U8w6zmkwXVzDPdt72AQMS] Processing: App\Jobs\SlackPusher
[2021-06-04 08:34:24][hKKsqNdxaI9U8w6zmkwXVzDPdt72AQMS] Processed:  App\Jobs\SlackPusher
[2021-06-04 08:36:44][aITGTuJgHzfYAolAH2QWRv1JSdgu7UtP] Processing: App\Jobs\SlackPusher
[2021-06-04 08:36:44][aITGTuJgHzfYAolAH2QWRv1JSdgu7UtP] Processed:  App\Jobs\SlackPusher
[2021-06-04 08:37:59][dYCUuTxt5pV8KqVFPuyvGAznxw4EUhz6] Processing: App\Jobs\SlackPusher
[2021-06-04 08:38:00][dYCUuTxt5pV8KqVFPuyvGAznxw4EUhz6] Processed:  App\Jobs\SlackPusher
[2021-06-04 08:38:42][Mx7cw8vESZHQrIhJfBecOWOe8AFiX0VQ] Processing: App\Jobs\SlackPusher
[2021-06-04 08:38:42][Mx7cw8vESZHQrIhJfBecOWOe8AFiX0VQ] Processed:  App\Jobs\SlackPusher
[2021-06-04 10:52:05][0S4R6OskYfQSf64920au86UmsU6j2Hda] Processing: App\Jobs\SlackPusher
[2021-06-04 10:52:05][0S4R6OskYfQSf64920au86UmsU6j2Hda] Processed:  App\Jobs\SlackPusher
